<?xml version="1.0" encoding="UTF-8"?>
<testsuite xmlns:xsi="http://www.w3.org/2001/XMLSchema-instance" xsi:noNamespaceSchemaLocation="https://maven.apache.org/surefire/maven-surefire-plugin/xsd/surefire-test-report.xsd" name="org.apache.commons.text.similarity.ParameterizedLevenshteinDistanceTest" time="0.11" tests="38" errors="0" skipped="0" failures="0">
  <properties>
    <property name="java.specification.version" value="13"/>
    <property name="sun.jnu.encoding" value="UTF-8"/>
    <property name="java.class.path" value="/Users/yutarokashiwa/Documents/200_Development/210_Git/TestEffortEstimationOnRefactoring/repos/x/commons-text/target/test-classes:/Users/yutarokashiwa/Documents/200_Development/210_Git/TestEffortEstimationOnRefactoring/repos/x/commons-text/target/classes:/Users/yutarokashiwa/.m2/repository/org/apache/commons/commons-lang3/3.8/commons-lang3-3.8.jar:/Users/yutarokashiwa/.m2/repository/org/junit/jupiter/junit-jupiter-engine/5.2.0/junit-jupiter-engine-5.2.0.jar:/Users/yutarokashiwa/.m2/repository/org/apiguardian/apiguardian-api/1.0.0/apiguardian-api-1.0.0.jar:/Users/yutarokashiwa/.m2/repository/org/junit/platform/junit-platform-engine/1.2.0/junit-platform-engine-1.2.0.jar:/Users/yutarokashiwa/.m2/repository/org/junit/platform/junit-platform-commons/1.2.0/junit-platform-commons-1.2.0.jar:/Users/yutarokashiwa/.m2/repository/org/opentest4j/opentest4j/1.1.0/opentest4j-1.1.0.jar:/Users/yutarokashiwa/.m2/repository/org/junit/jupiter/junit-jupiter-api/5.2.0/junit-jupiter-api-5.2.0.jar:/Users/yutarokashiwa/.m2/repository/org/junit/jupiter/junit-jupiter-params/5.2.0/junit-jupiter-params-5.2.0.jar:/Users/yutarokashiwa/.m2/repository/org/junit/platform/junit-platform-launcher/1.2.0/junit-platform-launcher-1.2.0.jar:/Users/yutarokashiwa/.m2/repository/org/assertj/assertj-core/3.11.0/assertj-core-3.11.0.jar:"/>
    <property name="java.vm.vendor" value="Oracle Corporation"/>
    <property name="sun.arch.data.model" value="64"/>
    <property name="java.vendor.url" value="https://java.oracle.com/"/>
    <property name="os.name" value="Mac OS X"/>
    <property name="java.vm.specification.version" value="13"/>
    <property name="sun.java.launcher" value="SUN_STANDARD"/>
    <property name="user.country" value="JP"/>
    <property name="sun.boot.library.path" value="/Library/Java/JavaVirtualMachines/jdk-13.0.2.jdk/Contents/Home/lib"/>
    <property name="sun.java.command" value="/Users/yutarokashiwa/Documents/200_Development/210_Git/TestEffortEstimationOnRefactoring/repos/x/commons-text/target/surefire/surefirebooter2044581871957413116.jar /Users/yutarokashiwa/Documents/200_Development/210_Git/TestEffortEstimationOnRefactoring/repos/x/commons-text/target/surefire 2020-07-02T01-06-32_231-jvmRun1 surefire11630392327341609127tmp surefire_011718655487703711264tmp"/>
    <property name="http.nonProxyHosts" value="local|*.local|169.254/16|*.169.254/16"/>
    <property name="jdk.debug" value="release"/>
    <property name="surefire.test.class.path" value="/Users/yutarokashiwa/Documents/200_Development/210_Git/TestEffortEstimationOnRefactoring/repos/x/commons-text/target/test-classes:/Users/yutarokashiwa/Documents/200_Development/210_Git/TestEffortEstimationOnRefactoring/repos/x/commons-text/target/classes:/Users/yutarokashiwa/.m2/repository/org/apache/commons/commons-lang3/3.8/commons-lang3-3.8.jar:/Users/yutarokashiwa/.m2/repository/org/junit/jupiter/junit-jupiter-engine/5.2.0/junit-jupiter-engine-5.2.0.jar:/Users/yutarokashiwa/.m2/repository/org/apiguardian/apiguardian-api/1.0.0/apiguardian-api-1.0.0.jar:/Users/yutarokashiwa/.m2/repository/org/junit/platform/junit-platform-engine/1.2.0/junit-platform-engine-1.2.0.jar:/Users/yutarokashiwa/.m2/repository/org/junit/platform/junit-platform-commons/1.2.0/junit-platform-commons-1.2.0.jar:/Users/yutarokashiwa/.m2/repository/org/opentest4j/opentest4j/1.1.0/opentest4j-1.1.0.jar:/Users/yutarokashiwa/.m2/repository/org/junit/jupiter/junit-jupiter-api/5.2.0/junit-jupiter-api-5.2.0.jar:/Users/yutarokashiwa/.m2/repository/org/junit/jupiter/junit-jupiter-params/5.2.0/junit-jupiter-params-5.2.0.jar:/Users/yutarokashiwa/.m2/repository/org/junit/platform/junit-platform-launcher/1.2.0/junit-platform-launcher-1.2.0.jar:/Users/yutarokashiwa/.m2/repository/org/assertj/assertj-core/3.11.0/assertj-core-3.11.0.jar:"/>
    <property name="sun.cpu.endian" value="little"/>
    <property name="user.home" value="/Users/yutarokashiwa"/>
    <property name="user.language" value="en"/>
    <property name="java.specification.vendor" value="Oracle Corporation"/>
    <property name="java.version.date" value="2020-01-14"/>
    <property name="java.home" value="/Library/Java/JavaVirtualMachines/jdk-13.0.2.jdk/Contents/Home"/>
    <property name="file.separator" value="/"/>
    <property name="basedir" value="/Users/yutarokashiwa/Documents/200_Development/210_Git/TestEffortEstimationOnRefactoring/repos/x/commons-text"/>
    <property name="java.vm.compressedOopsMode" value="Zero based"/>
    <property name="line.separator" value="&#10;"/>
    <property name="java.specification.name" value="Java Platform API Specification"/>
    <property name="java.vm.specification.vendor" value="Oracle Corporation"/>
    <property name="surefire.real.class.path" value="/Users/yutarokashiwa/Documents/200_Development/210_Git/TestEffortEstimationOnRefactoring/repos/x/commons-text/target/surefire/surefirebooter2044581871957413116.jar"/>
    <property name="sun.management.compiler" value="HotSpot 64-Bit Tiered Compilers"/>
    <property name="ftp.nonProxyHosts" value="local|*.local|169.254/16|*.169.254/16"/>
    <property name="java.runtime.version" value="13.0.2+8"/>
    <property name="user.name" value="yutarokashiwa"/>
    <property name="path.separator" value=":"/>
    <property name="os.version" value="10.15.5"/>
    <property name="java.runtime.name" value="Java(TM) SE Runtime Environment"/>
    <property name="file.encoding" value="UTF-8"/>
    <property name="java.vm.name" value="Java HotSpot(TM) 64-Bit Server VM"/>
    <property name="localRepository" value="/Users/yutarokashiwa/.m2/repository"/>
    <property name="java.vendor.url.bug" value="https://bugreport.java.com/bugreport/"/>
    <property name="java.io.tmpdir" value="/var/folders/rj/g3hh6nvj1w58mv16js__mgkc0000gn/T/"/>
    <property name="java.version" value="13.0.2"/>
    <property name="user.dir" value="/Users/yutarokashiwa/Documents/200_Development/210_Git/TestEffortEstimationOnRefactoring/repos/x/commons-text"/>
    <property name="os.arch" value="x86_64"/>
    <property name="java.vm.specification.name" value="Java Virtual Machine Specification"/>
    <property name="java.library.path" value="/Users/yutarokashiwa/Library/Java/Extensions:/Library/Java/Extensions:/Network/Library/Java/Extensions:/System/Library/Java/Extensions:/usr/lib/java:."/>
    <property name="java.vm.info" value="mixed mode, sharing"/>
    <property name="java.vendor" value="Oracle Corporation"/>
    <property name="java.vm.version" value="13.0.2+8"/>
    <property name="sun.io.unicode.encoding" value="UnicodeBig"/>
    <property name="socksNonProxyHosts" value="local|*.local|169.254/16|*.169.254/16"/>
    <property name="java.class.version" value="57.0"/>
  </properties>
  <testcase name="test{Integer, CharSequence, CharSequence, Integer}[1]" classname="org.apache.commons.text.similarity.ParameterizedLevenshteinDistanceTest" time="0.019"/>
  <testcase name="test{Integer, CharSequence, CharSequence, Integer}[2]" classname="org.apache.commons.text.similarity.ParameterizedLevenshteinDistanceTest" time="0.001"/>
  <testcase name="test{Integer, CharSequence, CharSequence, Integer}[3]" classname="org.apache.commons.text.similarity.ParameterizedLevenshteinDistanceTest" time="0.001"/>
  <testcase name="test{Integer, CharSequence, CharSequence, Integer}[4]" classname="org.apache.commons.text.similarity.ParameterizedLevenshteinDistanceTest" time="0.001"/>
  <testcase name="test{Integer, CharSequence, CharSequence, Integer}[5]" classname="org.apache.commons.text.similarity.ParameterizedLevenshteinDistanceTest" time="0.001"/>
  <testcase name="test{Integer, CharSequence, CharSequence, Integer}[6]" classname="org.apache.commons.text.similarity.ParameterizedLevenshteinDistanceTest" time="0"/>
  <testcase name="test{Integer, CharSequence, CharSequence, Integer}[7]" classname="org.apache.commons.text.similarity.ParameterizedLevenshteinDistanceTest" time="0"/>
  <testcase name="test{Integer, CharSequence, CharSequence, Integer}[8]" classname="org.apache.commons.text.similarity.ParameterizedLevenshteinDistanceTest" time="0"/>
  <testcase name="test{Integer, CharSequence, CharSequence, Integer}[9]" classname="org.apache.commons.text.similarity.ParameterizedLevenshteinDistanceTest" time="0.005"/>
  <testcase name="test{Integer, CharSequence, CharSequence, Integer}[10]" classname="org.apache.commons.text.similarity.ParameterizedLevenshteinDistanceTest" time="0.001"/>
  <testcase name="test{Integer, CharSequence, CharSequence, Integer}[11]" classname="org.apache.commons.text.similarity.ParameterizedLevenshteinDistanceTest" time="0.001"/>
  <testcase name="test{Integer, CharSequence, CharSequence, Integer}[12]" classname="org.apache.commons.text.similarity.ParameterizedLevenshteinDistanceTest" time="0.001"/>
  <testcase name="test{Integer, CharSequence, CharSequence, Integer}[13]" classname="org.apache.commons.text.similarity.ParameterizedLevenshteinDistanceTest" time="0.001"/>
  <testcase name="test{Integer, CharSequence, CharSequence, Integer}[14]" classname="org.apache.commons.text.similarity.ParameterizedLevenshteinDistanceTest" time="0"/>
  <testcase name="test{Integer, CharSequence, CharSequence, Integer}[15]" classname="org.apache.commons.text.similarity.ParameterizedLevenshteinDistanceTest" time="0"/>
  <testcase name="test{Integer, CharSequence, CharSequence, Integer}[16]" classname="org.apache.commons.text.similarity.ParameterizedLevenshteinDistanceTest" time="0.001"/>
  <testcase name="test{Integer, CharSequence, CharSequence, Integer}[17]" classname="org.apache.commons.text.similarity.ParameterizedLevenshteinDistanceTest" time="0.001"/>
  <testcase name="test{Integer, CharSequence, CharSequence, Integer}[18]" classname="org.apache.commons.text.similarity.ParameterizedLevenshteinDistanceTest" time="0"/>
  <testcase name="test{Integer, CharSequence, CharSequence, Integer}[19]" classname="org.apache.commons.text.similarity.ParameterizedLevenshteinDistanceTest" time="0"/>
  <testcase name="test{Integer, CharSequence, CharSequence, Integer}[20]" classname="org.apache.commons.text.similarity.ParameterizedLevenshteinDistanceTest" time="0"/>
  <testcase name="test{Integer, CharSequence, CharSequence, Integer}[21]" classname="org.apache.commons.text.similarity.ParameterizedLevenshteinDistanceTest" time="0"/>
  <testcase name="test{Integer, CharSequence, CharSequence, Integer}[22]" classname="org.apache.commons.text.similarity.ParameterizedLevenshteinDistanceTest" time="0"/>
  <testcase name="test{Integer, CharSequence, CharSequence, Integer}[23]" classname="org.apache.commons.text.similarity.ParameterizedLevenshteinDistanceTest" time="0"/>
  <testcase name="test{Integer, CharSequence, CharSequence, Integer}[24]" classname="org.apache.commons.text.similarity.ParameterizedLevenshteinDistanceTest" time="0"/>
  <testcase name="test{Integer, CharSequence, CharSequence, Integer}[25]" classname="org.apache.commons.text.similarity.ParameterizedLevenshteinDistanceTest" time="0.001"/>
  <testcase name="test{Integer, CharSequence, CharSequence, Integer}[26]" classname="org.apache.commons.text.similarity.ParameterizedLevenshteinDistanceTest" time="0.001"/>
  <testcase name="test{Integer, CharSequence, CharSequence, Integer}[27]" classname="org.apache.commons.text.similarity.ParameterizedLevenshteinDistanceTest" time="0.004"/>
  <testcase name="test{Integer, CharSequence, CharSequence, Integer}[28]" classname="org.apache.commons.text.similarity.ParameterizedLevenshteinDistanceTest" time="0.001"/>
  <testcase name="test{Integer, CharSequence, CharSequence, Integer}[29]" classname="org.apache.commons.text.similarity.ParameterizedLevenshteinDistanceTest" time="0.001"/>
  <testcase name="test{Integer, CharSequence, CharSequence, Integer}[30]" classname="org.apache.commons.text.similarity.ParameterizedLevenshteinDistanceTest" time="0.001"/>
  <testcase name="test{Integer, CharSequence, CharSequence, Integer}[31]" classname="org.apache.commons.text.similarity.ParameterizedLevenshteinDistanceTest" time="0"/>
  <testcase name="test{Integer, CharSequence, CharSequence, Integer}[32]" classname="org.apache.commons.text.similarity.ParameterizedLevenshteinDistanceTest" time="0"/>
  <testcase name="test{Integer, CharSequence, CharSequence, Integer}[33]" classname="org.apache.commons.text.similarity.ParameterizedLevenshteinDistanceTest" time="0"/>
  <testcase name="test{Integer, CharSequence, CharSequence, Integer}[34]" classname="org.apache.commons.text.similarity.ParameterizedLevenshteinDistanceTest" time="0.001"/>
  <testcase name="test{Integer, CharSequence, CharSequence, Integer}[35]" classname="org.apache.commons.text.similarity.ParameterizedLevenshteinDistanceTest" time="0"/>
  <testcase name="test{Integer, CharSequence, CharSequence, Integer}[36]" classname="org.apache.commons.text.similarity.ParameterizedLevenshteinDistanceTest" time="0.001"/>
  <testcase name="test{Integer, CharSequence, CharSequence, Integer}[37]" classname="org.apache.commons.text.similarity.ParameterizedLevenshteinDistanceTest" time="0.001"/>
  <testcase name="test{Integer, CharSequence, CharSequence, Integer}[38]" classname="org.apache.commons.text.similarity.ParameterizedLevenshteinDistanceTest" time="0.001"/>
</testsuite>